#
# There is insufficient memory for the Java Runtime Environment to continue.
# Native memory allocation (mmap) failed to map 264241152 bytes. Error detail: G1 virtual space
# Possible reasons:
#   The system is out of physical RAM or swap space
#   This process is running with CompressedOops enabled, and the Java Heap may be blocking the growth of the native heap
# Possible solutions:
#   Reduce memory load on the system
#   Increase physical memory or swap space
#   Check if swap backing store is full
#   Decrease Java heap size (-Xmx/-Xms)
#   Decrease number of Java threads
#   Decrease Java thread stack sizes (-Xss)
#   Set larger code cache with -XX:ReservedCodeCacheSize=
#   JVM is running with Zero Based Compressed Oops mode in which the Java heap is
#     placed in the first 32GB address space. The Java Heap base address is the
#     maximum limit for the native heap growth. Please use -XX:HeapBaseMinAddress
#     to set the Java Heap base and to place the Java Heap above 32GB virtual address.
# This output file may be truncated or incomplete.
#
#  Out of Memory Error (os_windows.cpp:3898), pid=15300, tid=8616
#
# JRE version:  (21.0.6) (build )
# Java VM: OpenJDK 64-Bit Server VM (21.0.6+-13391695-b895.109, mixed mode, sharing, tiered, compressed oops, compressed class ptrs, g1 gc, windows-amd64)
# No core dump will be written. Minidumps are not enabled by default on client versions of Windows
#

---------------  S U M M A R Y ------------

Command Line: git4idea.http.GitAskPassApp Username for 'https://github.com': 

Host: 12th Gen Intel(R) Core(TM) i5-1240P, 16 cores, 15G,  Windows 11 , 64 bit Build 26100 (10.0.26100.7019)
Time: Wed Nov 12 11:43:19 2025 SE Asia Standard Time elapsed time: 3.745469 seconds (0d 0h 0m 3s)

---------------  T H R E A D  ---------------

Current thread (0x0000012d17b82a10):  JavaThread "Unknown thread" [_thread_in_vm, id=8616, stack(0x00000025bef00000,0x00000025bf000000) (1024K)]

Stack: [0x00000025bef00000,0x00000025bf000000]
Native frames: (J=compiled Java code, j=interpreted, Vv=VM code, C=native code)
V  [jvm.dll+0x6d0639]
V  [jvm.dll+0x85eb03]
V  [jvm.dll+0x86105e]
V  [jvm.dll+0x861743]
V  [jvm.dll+0x27e6e6]
V  [jvm.dll+0x6ccfd5]
V  [jvm.dll+0x6c0a8a]
V  [jvm.dll+0x35537b]
V  [jvm.dll+0x35cfd6]
V  [jvm.dll+0x3aef86]
V  [jvm.dll+0x3af258]
V  [jvm.dll+0x327a2c]
V  [jvm.dll+0x32871b]
V  [jvm.dll+0x826549]
V  [jvm.dll+0x3bc158]
V  [jvm.dll+0x80f7f8]
V  [jvm.dll+0x45035e]
V  [jvm.dll+0x451ac1]
C  [jli.dll+0x52ab]
C  [ucrtbase.dll+0x37b0]
C  [KERNEL32.DLL+0x2e8d7]
C  [ntdll.dll+0x8c53c]


---------------  P R O C E S S  ---------------

Threads class SMR info:
_java_thread_list=0x00007ffc8bf81848, length=0, elements={
}

Java Threads: ( => current thread )
Total: 0

Other Threads:
  0x0000012d19fc3b10 WorkerThread "GC Thread#0"                     [id=37072, stack(0x00000025bf000000,0x00000025bf100000) (1024K)]
  0x0000012d19fd54b0 ConcurrentGCThread "G1 Main Marker"            [id=31116, stack(0x00000025bf100000,0x00000025bf200000) (1024K)]
  0x0000012d19fd6750 WorkerThread "G1 Conc#0"                       [id=9168, stack(0x00000025bf200000,0x00000025bf300000) (1024K)]

[error occurred during error reporting (printing all threads), id 0xc0000005, EXCEPTION_ACCESS_VIOLATION (0xc0000005) at pc=0x00007ffc8b77aa87]
VM state: not at safepoint (not fully initialized)

VM Mutex/Monitor currently owned by a thread:  ([mutex/lock_event])
[0x00007ffc8bfee4a0] Heap_lock - owner thread: 0x0000012d17b82a10

Heap address: 0x0000000704800000, size: 4024 MB, Compressed Oops mode: Zero based, Oop shift amount: 3

CDS archive(s) mapped at: [0x0000000000000000-0x0000000000000000-0x0000000000000000), size 0, SharedBaseAddress: 0x0000000800000000, ArchiveRelocationMode: 1.
Narrow klass base: 0x0000000000000000, Narrow klass shift: 0, Narrow klass range: 0x0

GC Precious Log:
 CardTable entry size: 512
 Card Set container configuration: InlinePtr #cards 4 size 8 Array Of Cards #cards 16 size 48 Howl #buckets 8 coarsen threshold 3686 Howl Bitmap #cards 512 size 80 coarsen threshold 460 Card regions per heap region 1 cards per card region 4096

Heap:
 garbage-first heap   total 0K, used 0K [0x0000000704800000, 0x0000000800000000)
  region size 2048K, 0 young (0K), 0 survivors (0K)
 Metaspace       used 0K, committed 0K, reserved 0K
  class space    used 0K, committed 0K, reserved 0K

Heap Regions: E=young(eden), S=young(survivor), O=old, HS=humongous(starts), HC=humongous(continues), CS=collection set, F=free, TAMS=top-at-mark-start, PB=parsable bottom

Card table byte_map: [0x0000012d2d120000,0x0000012d2d900000] _byte_map_base: 0x0000012d298fc000

Marking Bits: (CMBitMap*) 0x0000012d19fc4210
 Bits: [0x0000012d2d900000, 0x0000012d317e0000)

GC Heap History (0 events):
No events

Dll operation events (1 events):
Event: 0.029 Loaded shared library D:\Semester3\Mobile1\jbr\bin\java.dll

Deoptimization events (0 events):
No events

Classes loaded (0 events):
No events

Classes unloaded (0 events):
No events

Classes redefined (0 events):
No events

Internal exceptions (0 events):
No events

ZGC Phase Switch (0 events):
No events

VM Operations (0 events):
No events

Memory protections (0 events):
No events

Nmethod flushes (0 events):
No events

Events (0 events):
No events


Dynamic libraries:
0x00007ff735210000 - 0x00007ff73521a000 	D:\Semester3\Mobile1\jbr\bin\java.exe
0x00007ffce1b80000 - 0x00007ffce1de8000 	C:\WINDOWS\SYSTEM32\ntdll.dll
0x00007ffce03a0000 - 0x00007ffce0469000 	C:\WINDOWS\System32\KERNEL32.DLL
0x00007ffcdf190000 - 0x00007ffcdf588000 	C:\WINDOWS\System32\KERNELBASE.dll
0x00007ffcdee40000 - 0x00007ffcdef8b000 	C:\WINDOWS\System32\ucrtbase.dll
0x00007ffcd5e10000 - 0x00007ffcd5e28000 	D:\Semester3\Mobile1\jbr\bin\jli.dll
0x00007ffcc6a00000 - 0x00007ffcc6a1b000 	D:\Semester3\Mobile1\jbr\bin\VCRUNTIME140.dll
0x00007ffcdfc40000 - 0x00007ffcdfe07000 	C:\WINDOWS\System32\USER32.dll
0x00007ffcdf8f0000 - 0x00007ffcdf917000 	C:\WINDOWS\System32\win32u.dll
0x00007ffcc3dc0000 - 0x00007ffcc4054000 	C:\WINDOWS\WinSxS\amd64_microsoft.windows.common-controls_6595b64144ccf1df_6.0.26100.7019_none_3e06ffa0e335b8a8\COMCTL32.dll
0x00007ffce0370000 - 0x00007ffce039b000 	C:\WINDOWS\System32\GDI32.dll
0x00007ffce0790000 - 0x00007ffce0839000 	C:\WINDOWS\System32\msvcrt.dll
0x00007ffcdf590000 - 0x00007ffcdf6bc000 	C:\WINDOWS\System32\gdi32full.dll
0x00007ffcdf020000 - 0x00007ffcdf0c3000 	C:\WINDOWS\System32\msvcp_win.dll
0x00007ffcdfc00000 - 0x00007ffcdfc31000 	C:\WINDOWS\System32\IMM32.DLL
0x000000006de80000 - 0x000000006de8c000 	C:\Program Files (x86)\360\Total Security\safemon\SafeWrapper.dll
0x00007ffcdb680000 - 0x00007ffcdb68c000 	D:\Semester3\Mobile1\jbr\bin\vcruntime140_1.dll
0x00007ffcb0b40000 - 0x00007ffcb0bcd000 	D:\Semester3\Mobile1\jbr\bin\msvcp140.dll
0x00007ffc8b440000 - 0x00007ffc8c0cb000 	D:\Semester3\Mobile1\jbr\bin\server\jvm.dll
0x00007ffce1440000 - 0x00007ffce14f4000 	C:\WINDOWS\System32\ADVAPI32.dll
0x00007ffcdfb50000 - 0x00007ffcdfbf6000 	C:\WINDOWS\System32\sechost.dll
0x00007ffcdf950000 - 0x00007ffcdfa68000 	C:\WINDOWS\System32\RPCRT4.dll
0x00007ffce0940000 - 0x00007ffce09b4000 	C:\WINDOWS\System32\WS2_32.dll
0x00007ffcdeb30000 - 0x00007ffcdeb8e000 	C:\WINDOWS\SYSTEM32\POWRPROF.dll
0x00007ffca3020000 - 0x00007ffca3055000 	C:\WINDOWS\SYSTEM32\WINMM.dll
0x00007ffcde5c0000 - 0x00007ffcde5cb000 	C:\WINDOWS\SYSTEM32\VERSION.dll
0x00007ffcdeb10000 - 0x00007ffcdeb24000 	C:\WINDOWS\SYSTEM32\UMPDC.dll
0x00007ffcdda20000 - 0x00007ffcdda3b000 	C:\WINDOWS\SYSTEM32\kernel.appcore.dll
0x00007ffcd6f30000 - 0x00007ffcd6f3a000 	D:\Semester3\Mobile1\jbr\bin\jimage.dll
0x00007ffcdc390000 - 0x00007ffcdc5d2000 	C:\WINDOWS\SYSTEM32\DBGHELP.DLL
0x00007ffcdfe80000 - 0x00007ffce020b000 	C:\WINDOWS\System32\combase.dll
0x00007ffcdfa70000 - 0x00007ffcdfb47000 	C:\WINDOWS\System32\OLEAUT32.dll
0x00007ffcc0460000 - 0x00007ffcc049c000 	C:\WINDOWS\SYSTEM32\dbgcore.DLL
0x00007ffcdf840000 - 0x00007ffcdf8e5000 	C:\WINDOWS\System32\bcryptPrimitives.dll
0x00007ffcc6880000 - 0x00007ffcc68a0000 	D:\Semester3\Mobile1\jbr\bin\java.dll

dbghelp: loaded successfully - version: 4.0.5 - missing functions: none
symbol engine: initialized successfully - sym options: 0x614 - pdb path: .;D:\Semester3\Mobile1\jbr\bin;C:\WINDOWS\SYSTEM32;C:\WINDOWS\WinSxS\amd64_microsoft.windows.common-controls_6595b64144ccf1df_6.0.26100.7019_none_3e06ffa0e335b8a8;C:\Program Files (x86)\360\Total Security\safemon;D:\Semester3\Mobile1\jbr\bin\server

VM Arguments:
java_command: git4idea.http.GitAskPassApp Username for 'https://github.com': 
java_class_path (initial): D:/Semester3/Mobile1/plugins/vcs-git/lib/git4idea-rt.jar;D:/Semester3/Mobile1/lib/externalProcess-rt.jar
Launcher Type: SUN_STANDARD

[Global flags]
     intx CICompilerCount                          = 12                                        {product} {ergonomic}
     uint ConcGCThreads                            = 3                                         {product} {ergonomic}
     uint G1ConcRefinementThreads                  = 13                                        {product} {ergonomic}
   size_t G1HeapRegionSize                         = 2097152                                   {product} {ergonomic}
    uintx GCDrainStackTargetSize                   = 64                                        {product} {ergonomic}
   size_t InitialHeapSize                          = 264241152                                 {product} {ergonomic}
   size_t MarkStackSize                            = 4194304                                   {product} {ergonomic}
   size_t MaxHeapSize                              = 4219469824                                {product} {ergonomic}
   size_t MinHeapDeltaBytes                        = 2097152                                   {product} {ergonomic}
   size_t MinHeapSize                              = 8388608                                   {product} {ergonomic}
    uintx NonNMethodCodeHeapSize                   = 7602480                                {pd product} {ergonomic}
    uintx NonProfiledCodeHeapSize                  = 122027880                              {pd product} {ergonomic}
    uintx ProfiledCodeHeapSize                     = 122027880                              {pd product} {ergonomic}
    uintx ReservedCodeCacheSize                    = 251658240                              {pd product} {ergonomic}
     bool SegmentedCodeCache                       = true                                      {product} {ergonomic}
   size_t SoftMaxHeapSize                          = 4219469824                             {manageable} {ergonomic}
     bool UseCompressedOops                        = true                           {product lp64_product} {ergonomic}
     bool UseG1GC                                  = true                                      {product} {ergonomic}
     bool UseLargePagesIndividualAllocation        = false                                  {pd product} {ergonomic}

Logging:
Log output configuration:
 #0: stdout all=warning uptime,level,tags foldmultilines=false
 #1: stderr all=off uptime,level,tags foldmultilines=false

Environment Variables:
PATH=C:\Program Files\Git\mingw64\libexec\git-core;C:\Program Files\Git\mingw64\libexec\git-core;C:\Program Files\Git\mingw64\bin;C:\Program Files\Git\usr\bin;C:\Users\USER\bin;C:\WINDOWS\system32;C:\WINDOWS;C:\WINDOWS\System32\Wbem;C:\WINDOWS\System32\WindowsPowerShell\v1.0;C:\WINDOWS\System32\OpenSSH;C:\MinGW\bin;D:\Desain & ProWeb\Tugas\praktikum1\GitHub Bash\Git\cmd;C:\xampp\php;C:\composer;C:\Users\USER\AppData\Local\Android\Sdk\platform-tools;D:\Python\Scripts;D:\Python;C:\Users\USER\AppData\Local\Microsoft\WindowsApps;C:\Users\USER\AppData\Local\Programs\Microsoft VS Code\bin;C:\Users\USER\AppData\Local\GitHubDesktop\bin;D:\Pemrograman Berbasis Obyek\Apl\IntelliJ IDEA 2024.3.2.2\bin;C:\Users\USER\AppData\Roaming\Composer\vendor\bin
USERNAME=USER
DISPLAY=:0.0
LC_ALL=en_US.UTF-8
TERM=xterm-256color
TMPDIR=C:\Users\USER\AppData\Local\Temp
OS=Windows_NT
PROCESSOR_IDENTIFIER=Intel64 Family 6 Model 154 Stepping 3, GenuineIntel
TMP=C:\Users\USER\AppData\Local\Temp
TEMP=C:\Users\USER\AppData\Local\Temp




Periodic native trim disabled

JNI global refs:
JNI global refs: 0, weak refs: 0

JNI global refs memory usage: 0, weak refs: 0

Process memory usage:
Resident Set Size: 12988K (0% of 16474616K total physical memory with 797572K free physical memory)

OOME stack traces (most recent first):
Classloader memory used:

---------------  S Y S T E M  ---------------

OS:
 Windows 11 , 64 bit Build 26100 (10.0.26100.7019)
OS uptime: 2 days 21:48 hours

CPU: total 16 (initial active 16) (16 cores per cpu, 1 threads per core) family 6 model 154 stepping 3 microcode 0x420, cx8, cmov, fxsr, mmx, 3dnowpref, sse, sse2, sse3, ssse3, sse4.1, sse4.2, popcnt, lzcnt, tsc, tscinvbit, avx, avx2, aes, erms, clmul, bmi1, bmi2, adx, sha, fma, vzeroupper, clflush, clflushopt, clwb, serialize, rdtscp, rdpid, fsrm, f16c, pku, cet_ibt, cet_ss
Processor Information for processor 0
  Max Mhz: 1700, Current Mhz: 1700, Mhz Limit: 1700
Processor Information for processor 1
  Max Mhz: 1700, Current Mhz: 1700, Mhz Limit: 1700
Processor Information for processor 2
  Max Mhz: 1700, Current Mhz: 1700, Mhz Limit: 1700
Processor Information for processor 3
  Max Mhz: 1700, Current Mhz: 1700, Mhz Limit: 1700
Processor Information for processor 4
  Max Mhz: 1700, Current Mhz: 1700, Mhz Limit: 1700
Processor Information for processor 5
  Max Mhz: 1700, Current Mhz: 1700, Mhz Limit: 1700
Processor Information for processor 6
  Max Mhz: 1700, Current Mhz: 1700, Mhz Limit: 1700
Processor Information for processor 7
  Max Mhz: 1700, Current Mhz: 1700, Mhz Limit: 1700
Processor Information for processor 8
  Max Mhz: 1700, Current Mhz: 1200, Mhz Limit: 1190
Processor Information for processor 9
  Max Mhz: 1700, Current Mhz: 1200, Mhz Limit: 1190
Processor Information for processor 10
  Max Mhz: 1700, Current Mhz: 1200, Mhz Limit: 1190
Processor Information for processor 11
  Max Mhz: 1700, Current Mhz: 1200, Mhz Limit: 1190
Processor Information for processor 12
  Max Mhz: 1700, Current Mhz: 1200, Mhz Limit: 1190
Processor Information for processor 13
  Max Mhz: 1700, Current Mhz: 1200, Mhz Limit: 1190
Processor Information for processor 14
  Max Mhz: 1700, Current Mhz: 1200, Mhz Limit: 1190
Processor Information for processor 15
  Max Mhz: 1700, Current Mhz: 1200, Mhz Limit: 1190

Memory: 4k page, system-wide physical 16088M (777M free)
TotalPageFile size 33812M (AvailPageFile size 59M)
current process WorkingSet (physical memory assigned to process): 12M, peak: 12M
current process commit charge ("private bytes"): 70M, peak: 322M

vm_info: OpenJDK 64-Bit Server VM (21.0.6+-13391695-b895.109) for windows-amd64 JRE (21.0.6+-13391695-b895.109), built on 2025-04-22T21:19:17Z by "builder" with MS VC++ 16.10 / 16.11 (VS2019)

END.
